#
# A fatal error has been detected by the Java Runtime Environment:
#
#  EXCEPTION_ACCESS_VIOLATION (0xc0000005) at pc=0x0000000062ab43d9, pid=13236, tid=11080
#
# JRE version: Java(TM) SE Runtime Environment (7.0_60-b19) (build 1.7.0_60-b19)
# Java VM: Java HotSpot(TM) 64-Bit Server VM (24.60-b09 mixed mode windows-amd64 compressed oops)
# Problematic frame:
# V  [jvm.dll+0x543d9]
#
# Failed to write core dump. Minidumps are not enabled by default on client versions of Windows
#
# If you would like to submit a bug report, please visit:
#   http://bugreport.sun.com/bugreport/crash.jsp
#

---------------  T H R E A D  ---------------

Current thread (0x00000000122d7000):  JavaThread "JDWP Transport Listener: dt_socket" daemon [_thread_in_vm, id=11080, stack(0x0000000013850000,0x0000000013950000)]

siginfo: ExceptionCode=0xc0000005, reading address 0x000000000000000c

Registers:
RAX=0x000000000000000c, RBX=0x00000000122d7000, RCX=0x0000000000000003, RDX=0x0000000000000000
RSP=0x000000001394f140, RBP=0x000000000000000c, RSI=0x0000000000000000, RDI=0x0000000000000010
R8 =0x00000007aac99228, R9 =0x0000000000000000, R10=0x0000000000000000, R11=0x0000000000000001
R12=0x0000000000000000, R13=0x00000000122cef18, R14=0x0000000000000000, R15=0x0000000000000000
RIP=0x0000000062ab43d9, EFLAGS=0x0000000000010246

Top of Stack: (sp=0x000000001394f140)
0x000000001394f140:   00000000122d7000 0000000000000000
0x000000001394f150:   0000000000000000 00000000122d7000
0x000000001394f160:   0000000000000000 0000000062b7c8f7
0x000000001394f170:   00000007aac99228 000000001394f290
0x000000001394f180:   00000000122d90a8 000000001394f260
0x000000001394f190:   00000000122d7000 0000000000000000
0x000000001394f1a0:   00000000122d90a8 000000001394f290
0x000000001394f1b0:   0000000000000000 00000000122cef18
0x000000001394f1c0:   0000000000000000 0000000062127d15
0x000000001394f1d0:   000000001394f260 000000001394f290
0x000000001394f1e0:   00000000122d90a8 00000000122d71e8
0x000000001394f1f0:   00000000122fc30a 000000006212f090
0x000000001394f200:   0000000012010a01 000000001394f300
0x000000001394f210:   00000000122ceb01 0000000012283fe0
0x000000001394f220:   000014b600000013 0000000012010a00
0x000000001394f230:   000000001231c930 0000000062c2fbfd 

Instructions: (pc=0x0000000062ab43d9)
0x0000000062ab43b9:   d2 48 8b c5 eb 18 48 8b d0 48 8b c5 48 d3 e2 48
0x0000000062ab43c9:   03 15 e1 04 6a 00 eb 06 48 8b 12 48 8b c7 48 98
0x0000000062ab43d9:   8b 14 10 85 d2 74 2a 45 84 db 4c 63 c6 48 0f 45
0x0000000062ab43e9:   fd 8d 47 0b 48 63 c8 48 83 e1 f8 48 c1 e9 03 8d 


Register to memory mapping:

RAX=0x000000000000000c is an unknown value
RBX=0x00000000122d7000 is a thread
RCX=0x0000000000000003 is an unknown value
RDX=0x0000000000000000 is an unknown value
RSP=0x000000001394f140 is pointing into the stack for thread: 0x00000000122d7000
RBP=0x000000000000000c is an unknown value
RSI=0x0000000000000000 is an unknown value
RDI=0x0000000000000010 is an unknown value
R8 =0x00000007aac99228 is an oop
java.lang.String 
 - klass: 'java/lang/String'
R9 =0x0000000000000000 is an unknown value
R10=0x0000000000000000 is an unknown value
R11=0x0000000000000001 is an unknown value
R12=0x0000000000000000 is an unknown value
R13=0x00000000122cef18 is an unknown value
R14=0x0000000000000000 is an unknown value
R15=0x0000000000000000 is an unknown value


Stack: [0x0000000013850000,0x0000000013950000],  sp=0x000000001394f140,  free space=1020k
Native frames: (J=compiled Java code, j=interpreted, Vv=VM code, C=native code)
V  [jvm.dll+0x543d9]


---------------  P R O C E S S  ---------------

Java Threads: ( => current thread )
  0x000000001230a000 JavaThread "Service Thread" daemon [_thread_blocked, id=6736, stack(0x0000000013d50000,0x0000000013e50000)]
  0x0000000012301000 JavaThread "C2 CompilerThread1" daemon [_thread_blocked, id=5580, stack(0x0000000013c50000,0x0000000013d50000)]
  0x00000000122ff800 JavaThread "C2 CompilerThread0" daemon [_thread_blocked, id=7744, stack(0x0000000013b50000,0x0000000013c50000)]
  0x00000000122e9800 JavaThread "JDWP Command Reader" daemon [_thread_in_native, id=11732, stack(0x0000000013a50000,0x0000000013b50000)]
  0x00000000122e6800 JavaThread "JDWP Event Helper Thread" daemon [_thread_blocked, id=11496, stack(0x0000000013950000,0x0000000013a50000)]
=>0x00000000122d7000 JavaThread "JDWP Transport Listener: dt_socket" daemon [_thread_in_vm, id=11080, stack(0x0000000013850000,0x0000000013950000)]
  0x00000000122d1000 JavaThread "Attach Listener" daemon [_thread_blocked, id=10424, stack(0x0000000013750000,0x0000000013850000)]
  0x00000000122cd800 JavaThread "Signal Dispatcher" daemon [_thread_blocked, id=13220, stack(0x0000000013650000,0x0000000013750000)]
  0x000000001227f800 JavaThread "Finalizer" daemon [_thread_blocked, id=3804, stack(0x0000000013550000,0x0000000013650000)]
  0x0000000012276800 JavaThread "Reference Handler" daemon [_thread_blocked, id=16744, stack(0x0000000013450000,0x0000000013550000)]
  0x000000000543e000 JavaThread "main" [_thread_blocked, id=11084, stack(0x00000000052d0000,0x00000000053d0000)]

Other Threads:
  0x0000000012271800 VMThread [stack: 0x0000000013350000,0x0000000013450000] [id=5552]
  0x0000000012313800 WatcherThread [stack: 0x0000000013e50000,0x0000000013f50000] [id=13888]

VM state:not at safepoint (normal execution)

VM Mutex/Monitor currently owned by a thread: None

Heap
 PSYoungGen      total 76800K, used 3963K [0x00000007aac00000, 0x00000007b0180000, 0x0000000800000000)
  eden space 66048K, 6% used [0x00000007aac00000,0x00000007aafdecb0,0x00000007aec80000)
  from space 10752K, 0% used [0x00000007af700000,0x00000007af700000,0x00000007b0180000)
  to   space 10752K, 0% used [0x00000007aec80000,0x00000007aec80000,0x00000007af700000)
 ParOldGen       total 174592K, used 0K [0x0000000700400000, 0x000000070ae80000, 0x00000007aac00000)
  object space 174592K, 0% used [0x0000000700400000,0x0000000700400000,0x000000070ae80000)
 PSPermGen       total 21504K, used 2340K [0x00000006fb200000, 0x00000006fc700000, 0x0000000700400000)
  object space 21504K, 10% used [0x00000006fb200000,0x00000006fb4490c8,0x00000006fc700000)

Card table byte_map: [0x0000000008500000,0x0000000008d30000] byte_map_base: 0x0000000004d27000

Polling page: 0x0000000003450000

Code Cache  [0x0000000005440000, 0x00000000056b0000, 0x0000000008440000)
 total_blobs=158 nmethods=0 adapters=134 free_code_cache=48776Kb largest_free_block=49946624

Compilation events (0 events):
No events

GC Heap History (0 events):
No events

Deoptimization events (0 events):
No events

Internal exceptions (2 events):
Event: 0.138 Thread 0x000000000543e000 Threw 0x00000007aac10738 at C:\re\jdk7u60\1081\hotspot\src\share\vm\prims\jni.cpp:3991
Event: 61.198 Thread 0x000000000543e000 Threw 0x00000007aac990a8 at C:\re\jdk7u60\1081\hotspot\src\share\vm\prims\jvm.cpp:1244

Events (10 events):
Event: 152.179 Executing VM operation: GetCurrentLocation
Event: 152.179 Executing VM operation: GetCurrentLocation done
Event: 152.179 Executing VM operation: ChangeSingleStep
Event: 152.179 Executing VM operation: ChangeSingleStep done
Event: 152.180 Executing VM operation: ChangeSingleStep
Event: 152.181 Executing VM operation: ChangeSingleStep done
Event: 152.209 Executing VM operation: GetOrSetLocal
Event: 152.210 Executing VM operation: GetOrSetLocal done
Event: 152.212 Executing VM operation: GetOrSetLocal
Event: 152.212 Executing VM operation: GetOrSetLocal done


Dynamic libraries:
0x00007ff7a0320000 - 0x00007ff7a0353000 	E:\study\eclipse\jdk1.7.0_60-x64\bin\javaw.exe
0x00007ffbd3a60000 - 0x00007ffbd3c40000 	C:\WINDOWS\SYSTEM32\ntdll.dll
0x00007ffbd2b00000 - 0x00007ffbd2bae000 	C:\WINDOWS\System32\KERNEL32.DLL
0x00007ffbd0a40000 - 0x00007ffbd0ca6000 	C:\WINDOWS\System32\KERNELBASE.dll
0x00007ffbd3510000 - 0x00007ffbd35b1000 	C:\WINDOWS\System32\ADVAPI32.dll
0x00007ffbd3980000 - 0x00007ffbd3a1d000 	C:\WINDOWS\System32\msvcrt.dll
0x00007ffbd34b0000 - 0x00007ffbd350b000 	C:\WINDOWS\System32\sechost.dll
0x00007ffbd10a0000 - 0x00007ffbd11bf000 	C:\WINDOWS\System32\RPCRT4.dll
0x00007ffbd32a0000 - 0x00007ffbd342f000 	C:\WINDOWS\System32\USER32.dll
0x00007ffbd0e60000 - 0x00007ffbd0e80000 	C:\WINDOWS\System32\win32u.dll
0x00007ffbd0f30000 - 0x00007ffbd0f58000 	C:\WINDOWS\System32\GDI32.dll
0x00007ffbd0820000 - 0x00007ffbd09b3000 	C:\WINDOWS\System32\gdi32full.dll
0x00007ffbcfe60000 - 0x00007ffbcfefb000 	C:\WINDOWS\System32\msvcp_win.dll
0x00007ffbd0d10000 - 0x00007ffbd0e04000 	C:\WINDOWS\System32\ucrtbase.dll
0x00007ffbc1e00000 - 0x00007ffbc2069000 	C:\WINDOWS\WinSxS\amd64_microsoft.windows.common-controls_6595b64144ccf1df_6.0.16299.1087_none_0f9074b65a6589b7\COMCTL32.dll
0x00007ffbd2f90000 - 0x00007ffbd3296000 	C:\WINDOWS\System32\combase.dll
0x00007ffbd09c0000 - 0x00007ffbd0a32000 	C:\WINDOWS\System32\bcryptPrimitives.dll
0x00007ffbd3950000 - 0x00007ffbd397d000 	C:\WINDOWS\System32\IMM32.DLL
0x00007ffbcc310000 - 0x00007ffbcc38e000 	C:\WINDOWS\System32\vInject_x64.dll
0x00007ffbcbff0000 - 0x00007ffbcbffa000 	C:\WINDOWS\SYSTEM32\VERSION.dll
0x0000000063240000 - 0x0000000063312000 	E:\study\eclipse\jdk1.7.0_60-x64\jre\bin\msvcr100.dll
0x0000000062a60000 - 0x0000000063232000 	E:\study\eclipse\jdk1.7.0_60-x64\jre\bin\server\jvm.dll
0x00007ffbd3690000 - 0x00007ffbd3698000 	C:\WINDOWS\System32\PSAPI.DLL
0x00007ffbbca10000 - 0x00007ffbbca19000 	C:\WINDOWS\SYSTEM32\WSOCK32.dll
0x00007ffbce170000 - 0x00007ffbce193000 	C:\WINDOWS\SYSTEM32\WINMM.dll
0x00007ffbd0f60000 - 0x00007ffbd0fcc000 	C:\WINDOWS\System32\WS2_32.dll
0x00007ffbce140000 - 0x00007ffbce16a000 	C:\WINDOWS\SYSTEM32\WINMMBASE.dll
0x00007ffbd0e10000 - 0x00007ffbd0e5a000 	C:\WINDOWS\System32\cfgmgr32.dll
0x0000000062a50000 - 0x0000000062a5f000 	E:\study\eclipse\jdk1.7.0_60-x64\jre\bin\verify.dll
0x0000000062a20000 - 0x0000000062a48000 	E:\study\eclipse\jdk1.7.0_60-x64\jre\bin\java.dll
0x0000000062120000 - 0x0000000062155000 	E:\study\eclipse\jdk1.7.0_60-x64\jre\bin\jdwp.dll
0x0000000062110000 - 0x0000000062118000 	E:\study\eclipse\jdk1.7.0_60-x64\jre\bin\npt.dll
0x0000000062a00000 - 0x0000000062a15000 	E:\study\eclipse\jdk1.7.0_60-x64\jre\bin\zip.dll
0x0000000062100000 - 0x0000000062109000 	E:\study\eclipse\jdk1.7.0_60-x64\jre\bin\dt_socket.dll
0x00007ffbc9720000 - 0x00007ffbc9736000 	C:\WINDOWS\system32\napinsp.dll
0x00007ffbc5ce0000 - 0x00007ffbc5cfa000 	C:\WINDOWS\system32\pnrpnsp.dll
0x00007ffbccab0000 - 0x00007ffbccac8000 	C:\WINDOWS\system32\NLAapi.dll
0x00007ffbcf5e0000 - 0x00007ffbcf646000 	C:\WINDOWS\System32\mswsock.dll
0x00007ffbcf3c0000 - 0x00007ffbcf476000 	C:\WINDOWS\SYSTEM32\DNSAPI.dll
0x00007ffbd0fd0000 - 0x00007ffbd0fd8000 	C:\WINDOWS\System32\NSI.dll
0x00007ffbcf370000 - 0x00007ffbcf3a9000 	C:\WINDOWS\SYSTEM32\IPHLPAPI.DLL
0x00007ffbc9710000 - 0x00007ffbc971e000 	C:\WINDOWS\System32\winrnr.dll
0x00007ffbbb730000 - 0x00007ffbbb745000 	C:\WINDOWS\System32\wshbth.dll
0x00007ffbca820000 - 0x00007ffbca890000 	C:\WINDOWS\System32\fwpuclnt.dll
0x00007ffbcf8b0000 - 0x00007ffbcf8d5000 	C:\WINDOWS\SYSTEM32\bcrypt.dll
0x00007ffbc9430000 - 0x00007ffbc943a000 	C:\Windows\System32\rasadhlp.dll
0x00007ffbc2330000 - 0x00007ffbc24f8000 	C:\WINDOWS\SYSTEM32\dbghelp.dll

VM Arguments:
jvm_args: -agentlib:jdwp=transport=dt_socket,suspend=y,address=localhost:60911 -Dfile.encoding=GBK 
java_command: mode.ProxyPatternDemo
Launcher Type: SUN_STANDARD

Environment Variables:
JAVA_HOME=C:\Program Files\Java\jdk1.8.0_111
CLASSPATH=.;C:\Program Files\Java\jdk1.8.0_111\lib\dt.jar;C:\Program Files\Java\jdk1.8.0_111\lib\tools.jar
PATH=E:\study\eclipse\jdk1.7.0_60-x64\jre\bin;C:\Program Files (x86)\Common Files\Oracle\Java\javapath;C:\Program Files\Java\jdk1.8.0_111\bin;C:\Program Files\Java\jdk1.8.0_111\jre\bin;C:\ProgramData\Oracle\Java\javapath;C:\WINDOWS\system32;C:\WINDOWS;C:\WINDOWS\System32\Wbem;C:\WINDOWS\System32\WindowsPowerShell\v1.0\;C:\Program Files (x86)\AMD\ATI.ACE\Core-Static;C:\Windows\vrv\common\vSSLFltSvc;C:\Program Files (x86)\ATI Technologies\ATI.ACE\Core-Static;C:\Users\Administrator\AppData\Local\Programs\Fiddler;USERPROFILE\AppData\Local\Microsoft\WindowsApps;
USERNAME=Administrator
OS=Windows_NT
PROCESSOR_IDENTIFIER=Intel64 Family 6 Model 42 Stepping 7, GenuineIntel



---------------  S Y S T E M  ---------------

OS: Windows 8.1 , 64 bit Build 9600 

CPU:total 4 (4 cores per cpu, 1 threads per core) family 6 model 42 stepping 7, cmov, cx8, fxsr, mmx, sse, sse2, sse3, ssse3, sse4.1, sse4.2, popcnt, avx, aes, tsc, tscinvbit

Memory: 4k page, physical 16753548k(11787788k free), swap 19243916k(13626836k free)

vm_info: Java HotSpot(TM) 64-Bit Server VM (24.60-b09) for windows-amd64 JRE (1.7.0_60-b19), built on May  7 2014 12:55:18 by "java_re" with unknown MS VC++:1600

time: Sun May 05 14:13:12 2019
elapsed time: 152 seconds

